<?xml version="1.0" encoding="UTF-8"?>
<!-- Generated by org.testng.reporters.JUnitReportReporter -->
<testsuite hostname="DESKTOP-6K7OTJM" name="webdriver_api.Topic_05_WebElement_I" tests="3" failures="0" timestamp="28 Nov 2019 16:04:43 GMT" time="14.976" errors="0">
  <testcase name="TC_03_Navigation" time="12.075" classname="webdriver_api.Topic_05_WebElement_I"/>
  <testcase name="TC_01_ElementisDisplayed" time="2.408" classname="webdriver_api.Topic_05_WebElement_I"/>
  <testcase name="TC_02_isEnabled" time="0.493" classname="webdriver_api.Topic_05_WebElement_I"/>
</testsuite> <!-- webdriver_api.Topic_05_WebElement_I -->
