<?xml version="1.0" encoding="UTF-8"?>
<!-- Generated by org.testng.reporters.JUnitReportReporter -->
<testsuite hostname="DESKTOP-6K7OTJM" name="webdriver_api.Topic_04_Browers_II" tests="1" failures="0" timestamp="21 Nov 2019 15:02:19 GMT" time="122.145" errors="0">
  <testcase name="TC_04_PageSource" time="122.145" classname="webdriver_api.Topic_04_Browers_II"/>
</testsuite> <!-- webdriver_api.Topic_04_Browers_II -->
