<?xml version="1.0" encoding="UTF-8"?>
<!-- Generated by org.testng.reporters.JUnitReportReporter -->
<testsuite hostname="DESKTOP-6K7OTJM" name="webdriver_api.Topic_10_PopUp_Iframe" tests="1" failures="0" timestamp="17 Dec 2019 17:16:08 GMT" time="18.123" errors="0">
  <testcase name="TC_01_PopUp" time="18.123" classname="webdriver_api.Topic_10_PopUp_Iframe"/>
</testsuite> <!-- webdriver_api.Topic_10_PopUp_Iframe -->
