<?xml version="1.0" encoding="UTF-8"?>
<!-- Generated by org.testng.reporters.JUnitReportReporter -->
<testsuite hostname="DESKTOP-6K7OTJM" name="webdriver_api.Topic_13_UploadFile" tests="1" failures="0" timestamp="11 Jan 2020 15:17:07 GMT" time="13.980" errors="0">
  <testcase name="TC_01_Sendkeys" time="13.980" classname="webdriver_api.Topic_13_UploadFile"/>
</testsuite> <!-- webdriver_api.Topic_13_UploadFile -->
