<?xml version="1.0" encoding="UTF-8"?>
<!-- Generated by org.testng.reporters.JUnitReportReporter -->
<testsuite hostname="DESKTOP-6K7OTJM" name="webdriver_api.Topic_07_DropdownList_II" tests="1" failures="0" timestamp="9 Dec 2019 15:32:16 GMT" time="5.238" errors="0">
  <testcase name="TC_05_Editable" time="5.238" classname="webdriver_api.Topic_07_DropdownList_II"/>
</testsuite> <!-- webdriver_api.Topic_07_DropdownList_II -->
