<?xml version="1.0" encoding="UTF-8"?>
<!-- Generated by org.testng.reporters.JUnitReportReporter -->
<testsuite hostname="DESKTOP-6K7OTJM" name="webdriver_api.Topic_02_Locator" tests="2" failures="0" timestamp="5 Nov 2019 23:08:54 GMT" time="33.368" errors="0">
  <testcase name="TC_01_Locator" time="26.565" classname="webdriver_api.Topic_02_Locator"/>
  <testcase name="TC_02_Dupplicate" time="6.803" classname="webdriver_api.Topic_02_Locator"/>
</testsuite> <!-- webdriver_api.Topic_02_Locator -->
