<?xml version="1.0" encoding="UTF-8"?>
<!-- Generated by org.testng.reporters.JUnitReportReporter -->
<testsuite hostname="DESKTOP-LFUQUF2" name="webdriver_api.Topic_02_Locator" tests="1" failures="0" timestamp="15 Feb 2020 16:03:49 GMT" time="9.880" errors="0">
  <testcase name="TC_01_Locator" time="9.880" classname="webdriver_api.Topic_02_Locator"/>
</testsuite> <!-- webdriver_api.Topic_02_Locator -->
