<?xml version="1.0" encoding="UTF-8"?>
<!-- Generated by org.testng.reporters.JUnitReportReporter -->
<testsuite hostname="DESKTOP-6K7OTJM" name="webdriver_api.Topic_01_Check_Enviroment" tests="3" failures="0" timestamp="26 Oct 2019 01:50:20 GMT" time="0.255" errors="0">
  <testcase name="TC_01_ValidateCurrentUrl" time="0.067" classname="webdriver_api.Topic_01_Check_Enviroment"/>
  <testcase name="TC_03_LoginFormDisplayed" time="0.149" classname="webdriver_api.Topic_01_Check_Enviroment"/>
  <testcase name="TC_02_ValidateCurrentUrl" time="0.039" classname="webdriver_api.Topic_01_Check_Enviroment"/>
</testsuite> <!-- webdriver_api.Topic_01_Check_Enviroment -->
