<?xml version="1.0" encoding="UTF-8"?>
<!-- Generated by org.testng.reporters.JUnitReportReporter -->
<testsuite hostname="DESKTOP-6K7OTJM" name="webdriver_api.Topic_08_Button_Radio_CheckBox_Alert" tests="1" failures="0" timestamp="15 Dec 2019 05:19:00 GMT" time="14.557" errors="0">
  <testcase name="TC_05_AuthenticationAlert" time="14.557" classname="webdriver_api.Topic_08_Button_Radio_CheckBox_Alert"/>
</testsuite> <!-- webdriver_api.Topic_08_Button_Radio_CheckBox_Alert -->
