<?xml version="1.0" encoding="UTF-8"?>
<!-- Generated by org.testng.reporters.JUnitReportReporter -->
<testsuite hostname="DESKTOP-6K7OTJM" name="webdriver_api.Topic_03_Xpath_part_I" tests="3" failures="0" timestamp="8 Nov 2019 17:52:08 GMT" time="16.821" errors="0">
  <testcase name="TC_03_Xpath" time="0.002" classname="webdriver_api.Topic_03_Xpath_part_I"/>
  <testcase name="TC_02_Xpath" time="6.946" classname="webdriver_api.Topic_03_Xpath_part_I"/>
  <testcase name="TC_01_Xpath" time="9.873" classname="webdriver_api.Topic_03_Xpath_part_I"/>
</testsuite> <!-- webdriver_api.Topic_03_Xpath_part_I -->
