<?xml version="1.0" encoding="UTF-8"?>
<!-- Generated by org.testng.reporters.JUnitReportReporter -->
<testsuite hostname="DESKTOP-6K7OTJM" name="webdriver_api.Topic_11_Windown_Tab" tests="1" failures="0" timestamp="1 Jan 2020 06:56:02 GMT" time="39.424" errors="0">
  <testcase name="TC_4_WindowsTabs" time="39.424" classname="webdriver_api.Topic_11_Windown_Tab"/>
</testsuite> <!-- webdriver_api.Topic_11_Windown_Tab -->
