<?xml version="1.0" encoding="UTF-8"?>
<!-- Generated by org.testng.reporters.JUnitReportReporter -->
<testsuite hostname="DESKTOP-6K7OTJM" name="webdriver_api.Topic_07_DropdownList_I" tests="2" failures="0" timestamp="4 Dec 2019 16:44:05 GMT" time="47.499" errors="0">
  <testcase name="TC_01_CheckTagDropdownList" time="8.096" classname="webdriver_api.Topic_07_DropdownList_I"/>
  <testcase name="TC_02_CheckTagDropdownList" time="39.403" classname="webdriver_api.Topic_07_DropdownList_I"/>
</testsuite> <!-- webdriver_api.Topic_07_DropdownList_I -->
